\BOOKMARK [1][-]{section.1}{\376\377\000I\000n\000t\000r\000o\000d\000u\000c\000t\000i\000o\000n}{}% 1
\BOOKMARK [1][-]{section.2}{\376\377\000O\000b\000j\000e\000c\000t\000i\000f\000s\000\040\000d\000e\000\040\000l\000a\000\040\000m\000o\000d\000\351\000l\000i\000s\000a\000t\000i\000o\000n\000\040\000c\000h\000r\000o\000n\000o\000l\000o\000g\000i\000q\000u\000e}{}% 2
\BOOKMARK [1][-]{section.3}{\376\377\000L\000e\000s\000\040\000\351\000t\000a\000p\000e\000s\000\040\000s\000u\000i\000v\000a\000n\000t\000s\000\040\000s\000o\000n\000t\000\040\000u\000t\000i\000l\000i\000s\000\351\000\040\000p\000o\000u\000r\000\040\000\351\000t\000u\000d\000i\000e\000r\000\040\000l\000a\000\040\000s\000e\000r\000i\000e\000s}{}% 3
\BOOKMARK [1][-]{section.4}{\376\377\000Q\000u\000e\000l\000s\000\040\000d\000o\000n\000n\000\351\000s}{}% 4
\BOOKMARK [2][-]{subsection.4.1}{\376\377\000P\000r\000\351\000s\000e\000n\000t\000a\000t\000i\000o\000n}{section.4}% 5
\BOOKMARK [2][-]{subsection.4.2}{\376\377\000L\000e\000s\000\040\000d\000o\000n\000n\000\351\000e\000s}{section.4}% 6
\BOOKMARK [2][-]{subsection.4.3}{\376\377\000R\000e\000g\000r\000o\000u\000p\000e\000r\000\040\000e\000t\000\040\000o\000r\000g\000a\000n\000i\000s\000e\000r\000\040\000l\000e\000s\000\040\000d\000o\000n\000n\000\351\000s}{section.4}% 7
\BOOKMARK [1][-]{section.5}{\376\377\000S\000a\000i\000s\000o\000n\000n\000a\000l\000i\000t\000\351\000\040\000\046\000\040\000T\000e\000n\000d\000a\000n\000c\000e}{}% 8
\BOOKMARK [1][-]{section.6}{\376\377\000T\000e\000s\000t\000\040\000l\000a\000\040\000s\000t\000a\000s\000t\000i\000o\000n\000a\000t\000i\000t\000\351}{}% 9
\BOOKMARK [2][-]{subsection.6.1}{\376\377\000T\000e\000s\000t\000\040\000A\000D\000F\000\040\000:}{section.6}% 10
\BOOKMARK [2][-]{subsection.6.2}{\376\377\000T\000e\000s\000t\000\040\000K\000P\000S\000S}{section.6}% 11
\BOOKMARK [2][-]{subsection.6.3}{\376\377\000O\000n\000\040\000a\000p\000p\000l\000i\000q\000u\000e\000\040\000l\000e\000s\000\040\000t\000e\000s\000t}{section.6}% 12
\BOOKMARK [1][-]{section.7}{\376\377\000M\000o\000v\000i\000n\000g\000\040\000a\000v\000e\000r\000a\000g\000e}{}% 13
\BOOKMARK [2][-]{subsection.7.1}{\376\377\000M\000o\000d\000\351\000l\000i\000s\000a\000t\000i\000o\000n}{section.7}% 14
\BOOKMARK [2][-]{subsection.7.2}{\376\377\000P\000r\000\351\000d\000i\000c\000t\000i\000o\000n}{section.7}% 15
\BOOKMARK [2][-]{subsection.7.3}{\376\377\000\050\000P\000o\000u\000r\000\040\000t\000e\000s\000t\000e\000r\000\051\000\040\000V\000i\000s\000u\000a\000l\000i\000s\000a\000t\000i\000o\000n\000\040\000d\000e\000\040\000l\000a\000\040\000s\000\351\000r\000i\000e\000\050\0008\000\040\000V\000a\000l\000e\000u\000r\000s\000\051\000\040\000a\000v\000e\000c\000\040\000u\000n\000\040\000i\000n\000t\000e\000r\000v\000a\000l\000l\000e\000s\000\040\000d\000e\000\040\000c\000o\000n\000f\000i\000a\000n\000c\000e}{section.7}% 16
\BOOKMARK [2][-]{subsection.7.4}{\376\377\000V\000i\000s\000u\000a\000l\000i\000s\000a\000t\000i\000o\000n\000\040\000d\000e\000\040\000l\000a\000\040\000s\000\351\000r\000i\000e\000\050\0003\0002\000\040\000V\000a\000l\000e\000u\000r\000s\000\051\000\040\000a\000v\000e\000c\000\040\000u\000n\000\040\000i\000n\000t\000e\000r\000v\000a\000l\000l\000e\000s\000\040\000d\000e\000\040\000c\000o\000n\000f\000i\000a\000n\000c\000e}{section.7}% 17
\BOOKMARK [2][-]{subsection.7.5}{\376\377\000M\000o\000d\000\351\000l\000i\000s\000a\000t\000i\000o\000n}{section.7}% 18
\BOOKMARK [2][-]{subsection.7.6}{\376\377\000p\000r\000e\000d\000i\000c\000t\000i\000o\000n}{section.7}% 19
\BOOKMARK [2][-]{subsection.7.7}{\376\377\000V\000i\000s\000u\000a\000l\000i\000s\000a\000t\000i\000o\000n\000\040\000d\000e\000\040\000l\000a\000\040\000s\000\351\000r\000i\000e\000\040\000l\000a\000\040\000p\000r\000\351\000d\000i\000c\000t\000i\000o\000n\000\040\000d\000e\000:\000\040\000A\000R\000\040\000\046\000\040\000M\000A}{section.7}% 20
\BOOKMARK [1][-]{section.8}{\376\377\000A\000R\000I\000A\000M}{}% 21
\BOOKMARK [2][-]{subsection.8.1}{\376\377\000M\000o\000d\000\351\000l\000i\000s\000a\000t\000i\000o\000n\000\040\000e\000t\000\040\000P\000r\000\351\000d\000i\000c\000t\000i\000o\000n\000n\000\040\000l\000e\000s\000\040\000p\000r\000\351\000m\000i\000e\000r\000e\000\040\0008\000\040\000v\000a\000l\000e\000u\000r\000s\000\040\000\050\000T\000e\000s\000t\000\051}{section.8}% 22
\BOOKMARK [2][-]{subsection.8.2}{\376\377\000M\000o\000d\000\351\000l\000i\000s\000a\000t\000i\000o\000n\000\040\000e\000t\000\040\000P\000r\000\351\000d\000i\000c\000t\000i\000o\000n\000n\000\040\000l\000e\000s\000\040\000d\000e\000r\000n\000e\000i\000r\000s\000\040\0008\000\040\000v\000a\000l\000e\000u\000r\000s\000\040\000\050\000T\000e\000s\000t\000\051}{section.8}% 23
\BOOKMARK [2][-]{subsection.8.3}{\376\377\000M\000o\000d\000\351\000l\000i\000s\000a\000t\000i\000o\000n\000\040\000e\000t\000\040\000P\000r\000\351\000d\000i\000c\000t\000i\000o\000n\000n\000\040\000l\000e\000s\000\040\000v\000a\000l\000e\000u\000r\000s\000\040\000m\000a\000n\000q\000u\000a\000n\000t\000s}{section.8}% 24
\BOOKMARK [1][-]{section.9}{\376\377\000c\000o\000n\000c\000l\000u\000s\000i\000o\000n}{}% 25
